[14 Jul 2009 18:53:50,307] main: INFO: Checking incoming... 
[14 Jul 2009 18:53:50,336] main: INFO: Retrieved 2 messages from SMTP server 
[14 Jul 2009 18:53:50,339] R2M::ParseMail: DEBUG: Extracted Message: 
[14 Jul 2009 18:53:50,353] R2M::ParseMail: DEBUG: %message = (
             'body' => 'This is a multi-part message in MIME format.

--_----------=_124761923058320
Content-Disposition: inline
Content-Length: 41
Content-Transfer-Encoding: binary
Content-Type: text/plain

R2M: 2009-07-14T18:55:11 
body 000000000
--_----------=_124761923058320
Content-Disposition: inline
Content-Length: 49
Content-Transfer-Encoding: binary
Content-Type: text/html

<br>R2M: 2009-07-14T18:55:11 
body 000000000<br>
--_----------=_124761923058320--

',
             'uid' => '000000002',
             'subject' => 'subject 000000000',
             'from' => 'return.to.me.receive@gmail.com'
           );
 
[14 Jul 2009 18:53:50,353] R2M::ParseMail: DEBUG: Instructions 
[14 Jul 2009 18:53:50,354] R2M::ParseMail: DEBUG: NONE 
[14 Jul 2009 18:53:50,354] main: INFO: Return-when: 
[14 Jul 2009 18:53:50,354] main: INFO: 000000002  NONE
 
[14 Jul 2009 18:53:50,354] main: INFO: Message 000000002 had no readable date. 
[14 Jul 2009 18:53:50,377] R2M::ParseMail: DEBUG: Extracted Message: 
[14 Jul 2009 18:53:50,379] R2M::ParseMail: DEBUG: %message = (
             'body' => 'This is a multi-part message in MIME format.

--_----------=_124761923058321
Content-Disposition: inline
Content-Length: 41
Content-Transfer-Encoding: binary
Content-Type: text/plain

R2M: 2009-07-14T18:55:00 
body 000000001
--_----------=_124761923058321
Content-Disposition: inline
Content-Length: 49
Content-Transfer-Encoding: binary
Content-Type: text/html

<br>R2M: 2009-07-14T18:55:00 
body 000000001<br>
--_----------=_124761923058321--

',
             'uid' => '000000003',
             'subject' => 'subject 000000001',
             'from' => 'return.to.me.receive@gmail.com'
           );
 
[14 Jul 2009 18:53:50,379] R2M::ParseMail: DEBUG: Instructions 
[14 Jul 2009 18:53:50,379] R2M::ParseMail: DEBUG: NONE 
[14 Jul 2009 18:53:50,379] main: INFO: Return-when: 
[14 Jul 2009 18:53:50,379] main: INFO: 000000003  NONE
 
[14 Jul 2009 18:53:50,380] main: INFO: Message 000000003 had no readable date. 
[14 Jul 2009 18:53:50,386] main: INFO: Checking outgoing... 
[14 Jul 2009 18:53:50,391] R2M::Test: INFO: Called &sendMessages with: 
[14 Jul 2009 18:53:50,391] R2M::Test: INFO: 	$from = return.to.me.test@gmail.com 
[14 Jul 2009 18:53:50,391] R2M::Test: INFO: 	$password = return2me 
